<?xml version="1.0" encoding="UTF-8"?>
<!-- Generated by org.testng.reporters.JUnitReportReporter -->
<testsuite hostname="DESKTOP-06DH074" failures="0" tests="2" name="Test01_GET" time="5.036" errors="0" timestamp="2022-10-02T00:36:48 IST" skipped="0">
  <testcase classname="Test01_GET" name="test_02" time="1.310"/>
  <system-out/>
  <testcase classname="Test01_GET" name="test_01" time="3.726"/>
  <system-out/>
</testsuite> <!-- Test01_GET -->
